2020-10-06 19:22:23,887 : INFO : Recibio datos: video 1 de tamano 121.1 MB
2020-10-06 19:22:23,887 : INFO : Recibio su hash: b'e36d8f6e3c07175a3595b957f29804bfbedce10c5b0b5ed9b1a6a81c96c7cbe2'
2020-10-06 19:22:23,888 : INFO : Tiempo que se tardo en enviar los archivos: 0.24 ms
2020-10-06 20:07:36,874 : INFO : Recibio datos: video 1 de tamano 121.1 MB
2020-10-06 20:07:36,985 : INFO : Recibio su hash: b'ed3d32790a767cc3e3bb7e6998620b33ce45d6873a9ccb4834ec5290a20b6239'
2020-10-06 20:07:38,473 : INFO : Tiempo que se tardo en enviar los archivos: 5.4 ms
2020-10-06 20:08:36,106 : INFO : Recibio datos: video 1 de tamano 121.1 MB
2020-10-06 20:08:36,106 : INFO : Recibio su hash: b'ed3d32790a767cc3e3bb7e6998620b33ce45d6873a9ccb4834ec5290a20b6239'
2020-10-06 20:08:37,503 : INFO : Tiempo que se tardo en enviar los archivos: 4.88 ms
2020-10-06 20:37:02,355 : INFO : Recibio datos: video 1 de tamano 121.1 MB
2020-10-06 20:37:02,355 : INFO : Recibio su hash: b'ed3d32790a767cc3e3bb7e6998620b33ce45d6873a9ccb4834ec5290a20b6239'
2020-10-06 20:37:03,745 : INFO : Tiempo que se tardo en enviar los archivos: 5.53 ms
2020-10-06 20:43:41,385 : INFO : Recibio datos: video 1 de tamano 0.0 MB
2020-10-06 20:43:41,385 : INFO : Recibio su hash: b''
2020-10-06 20:43:41,392 : INFO : Tiempo que se tardo en enviar los archivos: 1.95 ms
2020-10-06 20:43:55,105 : INFO : Recibio datos: video 1 de tamano 0.0 MB
2020-10-06 20:43:55,105 : INFO : Recibio su hash: b''
2020-10-06 20:43:55,111 : INFO : Tiempo que se tardo en enviar los archivos: 1.28 ms
2020-10-06 21:01:51,688 : INFO : Recibio datos: video resp de tamano 234.34 MB
2020-10-06 21:01:51,689 : INFO : Recibio su hash: b'ed3d32790a767cc3e3bb7e6998620b33ce45d6873a9ccb4834ec5290a20b6239'
2020-10-06 21:01:53,101 : INFO : Tiempo que se tardo en enviar los archivos: 5.8 ms
2020-10-06 21:03:34,756 : INFO : Recibio datos: video 1 de tamano 121.1 MB
2020-10-06 21:03:34,757 : INFO : Recibio su hash: b'ed3d32790a767cc3e3bb7e6998620b33ce45d6873a9ccb4834ec5290a20b6239'
2020-10-06 21:03:36,193 : INFO : Tiempo que se tardo en enviar los archivos: 5.47 ms
2020-10-06 21:04:44,624 : INFO : Recibio datos: video 2 de tamano 234.34 MB
2020-10-06 21:04:44,624 : INFO : Recibio su hash: b'ed3d32790a767cc3e3bb7e6998620b33ce45d6873a9ccb4834ec5290a20b6239'
2020-10-06 21:04:46,029 : INFO : Tiempo que se tardo en enviar los archivos: 4.74 ms
2020-10-06 21:06:09,112 : INFO : Recibio datos: video 1 de tamano 121.1 MB
2020-10-06 21:06:09,112 : INFO : Recibio su hash: b'ed3d32790a767cc3e3bb7e6998620b33ce45d6873a9ccb4834ec5290a20b6239'
2020-10-06 21:06:10,588 : INFO : Tiempo que se tardo en enviar los archivos: 5.63 ms
2020-10-06 21:06:49,852 : INFO : Recibio datos: video 2 de tamano 234.34 MB
2020-10-06 21:06:49,852 : INFO : Recibio su hash: b'ed3d32790a767cc3e3bb7e6998620b33ce45d6873a9ccb4834ec5290a20b6239'
2020-10-06 21:06:51,368 : INFO : Tiempo que se tardo en enviar los archivos: 5.46 ms
2020-10-06 21:08:47,830 : INFO : Recibio datos: video 1 de tamano 121.1 MB
2020-10-06 21:08:47,831 : INFO : Recibio su hash: b'ed3d32790a767cc3e3bb7e6998620b33ce45d6873a9ccb4834ec5290a20b6239'
2020-10-06 21:08:49,257 : INFO : Tiempo que se tardo en enviar los archivos: 8.26 ms
2020-10-06 21:10:55,019 : INFO : Recibio datos: video 1 de tamano 121.1 MB
2020-10-06 21:10:55,020 : INFO : Recibio su hash: b'ed3d32790a767cc3e3bb7e6998620b33ce45d6873a9ccb4834ec5290a20b6239'
2020-10-06 21:10:56,425 : INFO : Tiempo que se tardo en enviar los archivos: 7.36 ms
2020-10-06 21:13:01,968 : INFO : Recibio datos: video 1 de tamano 121.1 MB
2020-10-06 21:13:01,969 : INFO : Recibio su hash: b'ed3d32790a767cc3e3bb7e6998620b33ce45d6873a9ccb4834ec5290a20b6239'
2020-10-06 21:13:03,386 : INFO : Tiempo que se tardo en enviar los archivos: 5.36 ms
2020-10-06 21:15:07,376 : INFO : Recibio datos: video 1 de tamano 121.1 MB
2020-10-06 21:15:07,377 : INFO : Recibio su hash: b'ed3d32790a767cc3e3bb7e6998620b33ce45d6873a9ccb4834ec5290a20b6239'
2020-10-06 21:15:08,783 : INFO : Tiempo que se tardo en enviar los archivos: 16.69 ms
2020-10-06 21:16:44,437 : INFO : Recibio datos: video 1 de tamano 121.1 MB
2020-10-06 21:16:44,437 : INFO : Recibio su hash: b'e4426b5f111f22d47e85d2ffea264b85b3bab772da2b0d04eac7b752efce1e98'
2020-10-06 21:16:45,173 : INFO : Tiempo que se tardo en enviar los archivos: 5.17 ms
