2020-10-06 20:59:07,564 : INFO : Recibio datos: video 1 de tamano 121.1 MB
2020-10-06 20:59:07,565 : INFO : Recibio su hash: b'e36d8f6e3c07175a3595b957f29804bfbedce10c5b0b5ed9b1a6a81c96c7cbe2'
2020-10-06 20:59:07,566 : INFO : Tiempo que se tardo en enviar los archivos: 4.54 ms
2020-10-06 20:59:38,334 : INFO : Recibio datos: video 1 de tamano 121.1 MB
2020-10-06 20:59:38,335 : INFO : Recibio su hash: b'4c679bbc547fee20c498b481f817685984220977730be9c78397559d24005eac'
2020-10-06 20:59:38,338 : INFO : Tiempo que se tardo en enviar los archivos: 1.75 ms
2020-10-06 21:03:25,388 : INFO : Recibio datos: video 1 de tamano 234.34 MB
2020-10-06 21:03:25,389 : INFO : Recibio su hash: b'4c679bbc547fee20c498b481f817685984220977730be9c78397559d24005eac'
2020-10-06 21:03:25,390 : INFO : Tiempo que se tardo en enviar los archivos: 1.94 ms
2020-10-06 21:07:43,241 : INFO : Recibio datos: video 1 de tamano 234.34 MB
2020-10-06 21:07:43,241 : INFO : Recibio su hash: b'4c679bbc547fee20c498b481f817685984220977730be9c78397559d24005eac'
2020-10-06 21:07:43,242 : INFO : Tiempo que se tardo en enviar los archivos: 3.59 ms
2020-10-06 21:08:01,796 : INFO : Recibio datos: video 1 de tamano 121.1 MB
2020-10-06 21:08:01,797 : INFO : Recibio su hash: b'4c679bbc547fee20c498b481f817685984220977730be9c78397559d24005eac'
2020-10-06 21:08:01,811 : INFO : Tiempo que se tardo en enviar los archivos: 1.12 ms
2020-10-06 21:08:12,420 : INFO : Recibio datos: video 1 de tamano 121.1 MB
2020-10-06 21:08:12,420 : INFO : Recibio su hash: b'4c679bbc547fee20c498b481f817685984220977730be9c78397559d24005eac'
2020-10-06 21:08:12,421 : INFO : Tiempo que se tardo en enviar los archivos: 1.14 ms
2020-10-06 22:10:30,357 : INFO : Recibio datos: video ./video2.mp4 de tamano 234.34 MB
2020-10-06 22:10:30,358 : INFO : Recibio su hash: b''
2020-10-06 22:10:30,358 : INFO : Tiempo que se tardo en enviar los archivos: 0.27 ms
2020-10-06 22:10:32,306 : INFO : Recibio datos: video ./video2.mp4 de tamano 234.34 MB
2020-10-06 22:10:32,306 : INFO : Recibio su hash: b''
2020-10-06 22:10:32,306 : INFO : Tiempo que se tardo en enviar los archivos: 0.22 ms
2020-10-06 22:10:34,429 : INFO : Recibio datos: video ./video2.mp4 de tamano 234.34 MB
2020-10-06 22:10:34,429 : INFO : Recibio su hash: b''
2020-10-06 22:10:34,429 : INFO : Tiempo que se tardo en enviar los archivos: 0.25 ms
2020-10-06 22:10:36,306 : INFO : Recibio datos: video ./video2.mp4 de tamano 234.34 MB
2020-10-06 22:10:36,306 : INFO : Recibio su hash: b''
2020-10-06 22:10:36,306 : INFO : Tiempo que se tardo en enviar los archivos: 0.23 ms
2020-10-06 22:10:38,292 : INFO : Recibio datos: video ./video2.mp4 de tamano 234.34 MB
2020-10-06 22:10:38,292 : INFO : Recibio su hash: b''
2020-10-06 22:10:38,292 : INFO : Tiempo que se tardo en enviar los archivos: 0.21 ms
2020-10-06 22:10:40,295 : INFO : Recibio datos: video ./video2.mp4 de tamano 234.34 MB
2020-10-06 22:10:40,295 : INFO : Recibio su hash: b''
2020-10-06 22:10:40,295 : INFO : Tiempo que se tardo en enviar los archivos: 0.22 ms
2020-10-06 22:10:42,314 : INFO : Recibio datos: video ./video2.mp4 de tamano 234.34 MB
2020-10-06 22:10:42,314 : INFO : Recibio su hash: b''
2020-10-06 22:10:42,314 : INFO : Tiempo que se tardo en enviar los archivos: 0.23 ms
2020-10-06 22:10:44,305 : INFO : Recibio datos: video ./video2.mp4 de tamano 234.34 MB
2020-10-06 22:10:44,305 : INFO : Recibio su hash: b''
2020-10-06 22:10:44,305 : INFO : Tiempo que se tardo en enviar los archivos: 0.22 ms
2020-10-06 22:10:46,315 : INFO : Recibio datos: video ./video2.mp4 de tamano 234.34 MB
2020-10-06 22:10:46,316 : INFO : Recibio su hash: b''
2020-10-06 22:10:46,316 : INFO : Tiempo que se tardo en enviar los archivos: 0.23 ms
2020-10-06 22:10:48,335 : INFO : Recibio datos: video ./video2.mp4 de tamano 234.34 MB
2020-10-06 22:10:48,335 : INFO : Recibio su hash: b''
2020-10-06 22:10:48,335 : INFO : Tiempo que se tardo en enviar los archivos: 0.25 ms
2020-10-06 22:12:37,437 : INFO : Recibio datos: video ./video2.mp4 de tamano 234.34 MB
2020-10-06 22:12:37,437 : INFO : Recibio su hash: b'ed3d32790a767cc3e3bb7e6998620b33ce45d6873a9ccb4834ec5290a20b6239'
2020-10-06 22:12:39,051 : INFO : Tiempo que se tardo en enviar los archivos: 3.72 ms
2020-10-06 22:34:44,304 : INFO : Recibio datos: video ./video2.mp4 de tamano 234.34 MB
2020-10-06 22:34:44,314 : INFO : Recibio su hash: 
2020-10-06 22:34:44,315 : INFO : Tiempo que se tardo en enviar los archivos: 0.3 ms
2020-10-06 22:38:39,930 : INFO : Recibio datos: video ./video2.mp4 de tamano 234.34 MB
2020-10-06 22:38:39,931 : INFO : Recibio su hash: 
2020-10-06 22:38:39,933 : INFO : Tiempo que se tardo en enviar los archivos: 0.35 ms
2020-10-06 22:40:36,174 : INFO : Recibio datos: video ./video2.mp4 de tamano 234.34 MB
2020-10-06 22:40:36,174 : INFO : Recibio su hash: 
2020-10-06 22:40:36,175 : INFO : Tiempo que se tardo en enviar los archivos: 0.29 ms
2020-10-06 22:41:12,522 : INFO : Recibio datos: video ./video2.mp4 de tamano 234.34 MB
2020-10-06 22:41:12,523 : INFO : Recibio su hash: 
2020-10-06 22:41:12,525 : INFO : Tiempo que se tardo en enviar los archivos: 0.41 ms
